13:34:37 [INFO] Is MPS available: true
13:34:37 [INFO] Using the following hyperparameters:
13:34:37 [INFO] Hidden layer dimensions: 1000
13:34:37 [INFO] Number of layers: 4
13:34:37 [INFO] Number of trajectories: 400
13:34:37 [INFO] Trajectory depth: 2
13:34:37 [INFO] Number of epochs: 5
13:34:37 [INFO] Learning rate: 0.0001
13:34:37 [INFO] Starting policy training...
13:34:37 [INFO] Training epoch 0
13:34:37 [INFO] Size of logits & moves [400, 2, 13] [400, 2] Tensor[[400, 2, 1], Int64]
13:34:37 [INFO] Size of sampled logits tensor [400, 2, 1]
13:34:37 [INFO] Tensors for calculating policy loss, log_probs: [400, 2, 1] & rewards: [400, 2]
13:34:37 [INFO] Unweighted rewards: [400, 2]
13:34:37 [INFO] Weighted rewards: [400]
13:34:37 [INFO] Loss tensor: [1] [-185019.28125]
13:34:38 [INFO] Mean epoch policy entropy for the trajectories is: 2.5619156
13:34:38 [INFO] Training epoch 1
13:34:39 [INFO] Size of logits & moves [400, 2, 13] [400, 2] Tensor[[400, 2, 1], Int64]
13:34:39 [INFO] Size of sampled logits tensor [400, 2, 1]
13:34:39 [INFO] Tensors for calculating policy loss, log_probs: [400, 2, 1] & rewards: [400, 2]
13:34:39 [INFO] Unweighted rewards: [400, 2]
13:34:39 [INFO] Weighted rewards: [400]
13:34:39 [INFO] Loss tensor: [1] [-147764.78125]
13:34:39 [INFO] Mean epoch policy entropy for the trajectories is: 2.560582
13:34:40 [INFO] Training epoch 2
13:34:40 [INFO] Size of logits & moves [400, 2, 13] [400, 2] Tensor[[400, 2, 1], Int64]
13:34:41 [INFO] Size of sampled logits tensor [400, 2, 1]
13:34:41 [INFO] Tensors for calculating policy loss, log_probs: [400, 2, 1] & rewards: [400, 2]
13:34:41 [INFO] Unweighted rewards: [400, 2]
13:34:41 [INFO] Weighted rewards: [400]
13:34:41 [INFO] Loss tensor: [1] [-153334.25]
13:34:41 [INFO] Mean epoch policy entropy for the trajectories is: 2.56004
13:34:41 [INFO] Training epoch 3
13:34:42 [INFO] Size of logits & moves [400, 2, 13] [400, 2] Tensor[[400, 2, 1], Int64]
13:34:42 [INFO] Size of sampled logits tensor [400, 2, 1]
13:34:42 [INFO] Tensors for calculating policy loss, log_probs: [400, 2, 1] & rewards: [400, 2]
13:34:42 [INFO] Unweighted rewards: [400, 2]
13:34:42 [INFO] Weighted rewards: [400]
13:34:42 [INFO] Loss tensor: [1] [-196967.609375]
13:34:42 [INFO] Mean epoch policy entropy for the trajectories is: 2.5586538
13:34:43 [INFO] Training epoch 4
13:34:44 [INFO] Size of logits & moves [400, 2, 13] [400, 2] Tensor[[400, 2, 1], Int64]
13:34:44 [INFO] Size of sampled logits tensor [400, 2, 1]
13:34:44 [INFO] Tensors for calculating policy loss, log_probs: [400, 2, 1] & rewards: [400, 2]
13:34:44 [INFO] Unweighted rewards: [400, 2]
13:34:44 [INFO] Weighted rewards: [400]
13:34:44 [INFO] Loss tensor: [1] [-219636.03125]
13:34:44 [INFO] Mean epoch policy entropy for the trajectories is: 2.5555668
13:34:44 [INFO] The random scrambling applied these moves: [[RMinus, BPlus], [RPlus, LMinus], [FMinus, RPlus], [DPlus, LPlus], [RPlus, BMinus], [RMinus, DMinus], [BPlus, LPlus], [UPlus, DMinus], [DMinus, RMinus], [FMinus, RMinus]] for testing
13:34:44 [INFO] Running the test loop now: 
13:34:44 [INFO] Scrambled cube used for test 0 used this moves: [RMinus, BPlus]
13:34:44 [INFO] Got the cubemove from policy: DMinus for turn 0
13:34:44 [INFO] The above is complementary or not: false
13:34:44 [INFO] The cross entropy for turn 0 2.5493255
13:34:44 [INFO] Got the cubemove from policy: DPlus for turn 1
13:34:44 [INFO] The above is complementary or not: false
13:34:44 [INFO] The cross entropy for turn 1 2.5502636
13:34:44 [INFO] Scrambled cube used for test 1 used this moves: [RPlus, LMinus]
13:34:44 [INFO] Got the cubemove from policy: RPlus for turn 0
13:34:44 [INFO] The above is complementary or not: false
13:34:44 [INFO] The cross entropy for turn 0 2.5361507
13:34:44 [INFO] Got the cubemove from policy: RPlus for turn 1
13:34:44 [INFO] The above is complementary or not: false
13:34:44 [INFO] The cross entropy for turn 1 2.543119
13:34:44 [INFO] Scrambled cube used for test 2 used this moves: [FMinus, RPlus]
13:34:44 [INFO] Got the cubemove from policy: RPlus for turn 0
13:34:44 [INFO] The above is complementary or not: false
13:34:44 [INFO] The cross entropy for turn 0 2.5316918
13:34:44 [INFO] Got the cubemove from policy: LMinus for turn 1
13:34:44 [INFO] The above is complementary or not: false
13:34:44 [INFO] The cross entropy for turn 1 2.5482016
13:34:44 [INFO] Scrambled cube used for test 3 used this moves: [DPlus, LPlus]
13:34:44 [INFO] Got the cubemove from policy: RPlus for turn 0
13:34:44 [INFO] The above is complementary or not: false
13:34:44 [INFO] The cross entropy for turn 0 2.559039
13:34:44 [INFO] Got the cubemove from policy: DPlus for turn 1
13:34:44 [INFO] The above is complementary or not: false
13:34:44 [INFO] The cross entropy for turn 1 2.5530686
13:34:44 [INFO] Scrambled cube used for test 4 used this moves: [RPlus, BMinus]
13:34:44 [INFO] Got the cubemove from policy: BMinus for turn 0
13:34:44 [INFO] The above is complementary or not: false
13:34:44 [INFO] The cross entropy for turn 0 2.5390384
13:34:44 [INFO] Got the cubemove from policy: RMinus for turn 1
13:34:44 [INFO] The above is complementary or not: true
13:34:44 [INFO] The cross entropy for turn 1 2.5375352
13:34:44 [INFO] Scrambled cube used for test 5 used this moves: [RMinus, DMinus]
13:34:44 [INFO] Got the cubemove from policy: FPlus for turn 0
13:34:44 [INFO] The above is complementary or not: false
13:34:44 [INFO] The cross entropy for turn 0 2.5444787
13:34:44 [INFO] Got the cubemove from policy: NoOp for turn 1
13:34:44 [INFO] The above is complementary or not: false
13:34:44 [INFO] The cross entropy for turn 1 2.5600393
13:34:44 [INFO] Scrambled cube used for test 6 used this moves: [BPlus, LPlus]
13:34:44 [INFO] Got the cubemove from policy: UMinus for turn 0
13:34:44 [INFO] The above is complementary or not: false
13:34:44 [INFO] The cross entropy for turn 0 2.5601964
13:34:44 [INFO] Got the cubemove from policy: DPlus for turn 1
13:34:44 [INFO] The above is complementary or not: false
13:34:44 [INFO] The cross entropy for turn 1 2.5632017
13:34:44 [INFO] Scrambled cube used for test 7 used this moves: [UPlus, DMinus]
13:34:44 [INFO] Got the cubemove from policy: NoOp for turn 0
13:34:44 [INFO] The above is complementary or not: false
13:34:44 [INFO] The cross entropy for turn 0 2.5637562
13:34:44 [INFO] Got the cubemove from policy: FPlus for turn 1
13:34:44 [INFO] The above is complementary or not: false
13:34:44 [INFO] The cross entropy for turn 1 2.5637562
13:34:44 [INFO] Scrambled cube used for test 8 used this moves: [DMinus, RMinus]
13:34:44 [INFO] Got the cubemove from policy: UPlus for turn 0
13:34:44 [INFO] The above is complementary or not: false
13:34:44 [INFO] The cross entropy for turn 0 2.557428
13:34:44 [INFO] Got the cubemove from policy: BPlus for turn 1
13:34:44 [INFO] The above is complementary or not: false
13:34:44 [INFO] The cross entropy for turn 1 2.5599012
13:34:44 [INFO] Scrambled cube used for test 9 used this moves: [FMinus, RMinus]
13:34:44 [INFO] Got the cubemove from policy: LPlus for turn 0
13:34:44 [INFO] The above is complementary or not: false
13:34:44 [INFO] The cross entropy for turn 0 2.5471933
13:34:44 [INFO] Got the cubemove from policy: DMinus for turn 1
13:34:44 [INFO] The above is complementary or not: false
13:34:44 [INFO] The cross entropy for turn 1 2.5526903
13:34:44 [INFO] Mean loss for tests 0.0
13:34:44 [INFO] Mean entropy for tests 2.5510035
13:34:44 [INFO] Mean correct moves for 0.1
